[11:43:50], Proportional, 100
[11:43:50], Integral, 50
[11:43:50], Derivative, 100
[11:43:50], PidController, 250
[11:43:50], Proportional, 80
[11:43:50], Integral, 65
[11:43:50], Derivative, -20
[11:43:50], PidController, 125
[11:43:50], Proportional, 50
[11:43:50], Integral, 57.5
[11:43:50], Derivative, 70
[11:43:50], PidController, 177.5
[11:43:50], Proportional, -150
[11:43:50], Integral, -46.25
[11:43:50], Derivative, -220
[11:43:50], PidController, -416.25
[11:43:50], Proportional, 0
[11:43:50], Integral, -23.125
[11:43:50], Derivative, 220
[11:43:50], PidController, 196.875
