[15:32:09], Proportional, 100
[15:32:09], Integral, 50
[15:32:09], Derivative, 100
[15:32:09], PidController, 250
[15:32:09], Proportional, 80
[15:32:09], Integral, 65
[15:32:09], Derivative, -20
[15:32:09], PidController, 125
[15:32:09], Proportional, 50
[15:32:09], Integral, 57.5
[15:32:09], Derivative, 70
[15:32:09], PidController, 177.5
[15:32:09], Proportional, -150
[15:32:09], Integral, -46.25
[15:32:09], Derivative, -220
[15:32:09], PidController, -416.25
[15:32:09], Proportional, 0
[15:32:09], Integral, -23.125
[15:32:09], Derivative, 220
[15:32:09], PidController, 196.875
